<?xml version="1.0" encoding="UTF-8"?>
<testsuite xmlns:xsi="http://www.w3.org/2001/XMLSchema-instance" xsi:noNamespaceSchemaLocation="https://maven.apache.org/surefire/maven-surefire-plugin/xsd/surefire-test-report-3.0.xsd" version="3.0" name="TestSuite" time="15.173" tests="1" errors="0" skipped="0" failures="0">
  <properties>
[...]
</properties>
  <testcase name="login" classname="com.orangeHRM.TestCases.TC_Login_001" time="4.816">
    <system-out><![CDATA[[DEBUG] 2022-01-07 13:39:05.017 [main] InternalLoggerFactory - Using Log4J2 as the default logging framework
[DEBUG] 2022-01-07 13:39:05.025 [main] ResourceLeakDetector - -Dio.netty.leakDetection.level: simple
[DEBUG] 2022-01-07 13:39:05.026 [main] ResourceLeakDetector - -Dio.netty.leakDetection.targetRecords: 4
[DEBUG] 2022-01-07 13:39:05.030 [main] ResourceLeakDetectorFactory - Loaded default ResourceLeakDetector: io.netty.util.ResourceLeakDetector@6d24ffa1
[DEBUG] 2022-01-07 13:39:05.048 [main] PlatformDependent0 - -Dio.netty.noUnsafe: false
[DEBUG] 2022-01-07 13:39:05.048 [main] PlatformDependent0 - Java version: 16
[DEBUG] 2022-01-07 13:39:05.050 [main] PlatformDependent0 - sun.misc.Unsafe.theUnsafe: available
[DEBUG] 2022-01-07 13:39:05.050 [main] PlatformDependent0 - sun.misc.Unsafe.copyMemory: available
[DEBUG] 2022-01-07 13:39:05.051 [main] PlatformDependent0 - java.nio.Buffer.address: available
[DEBUG] 2022-01-07 13:39:05.052 [main] PlatformDependent0 - direct buffer constructor: unavailable: Reflective setAccessible(true) disabled
[DEBUG] 2022-01-07 13:39:05.052 [main] PlatformDependent0 - java.nio.Bits.unaligned: available, true
[DEBUG] 2022-01-07 13:39:05.053 [main] PlatformDependent0 - jdk.internal.misc.Unsafe.allocateUninitializedArray(int): unavailable: class io.netty.util.internal.PlatformDependent0$6 cannot access class jdk.internal.misc.Unsafe (in module java.base) because module java.base does not export jdk.internal.misc to unnamed module @14ec4505
[DEBUG] 2022-01-07 13:39:05.054 [main] PlatformDependent0 - java.nio.DirectByteBuffer.<init>(long, int): unavailable
[DEBUG] 2022-01-07 13:39:05.054 [main] PlatformDependent - sun.misc.Unsafe: available
[DEBUG] 2022-01-07 13:39:05.055 [main] PlatformDependent - maxDirectMemory: 2067791872 bytes (maybe)
[DEBUG] 2022-01-07 13:39:05.055 [main] PlatformDependent - -Dio.netty.tmpdir: C:\Users\vedas\AppData\Local\Temp (java.io.tmpdir)
[DEBUG] 2022-01-07 13:39:05.055 [main] PlatformDependent - -Dio.netty.bitMode: 64 (sun.arch.data.model)
[DEBUG] 2022-01-07 13:39:05.056 [main] PlatformDependent - Platform: Windows
[DEBUG] 2022-01-07 13:39:05.057 [main] PlatformDependent - -Dio.netty.maxDirectMemory: -1 bytes
[DEBUG] 2022-01-07 13:39:05.057 [main] PlatformDependent - -Dio.netty.uninitializedArrayAllocationThreshold: -1
[DEBUG] 2022-01-07 13:39:05.059 [main] CleanerJava9 - java.nio.ByteBuffer.cleaner(): available
[DEBUG] 2022-01-07 13:39:05.059 [main] PlatformDependent - -Dio.netty.noPreferDirect: false
[DEBUG] 2022-01-07 13:39:05.067 [main] PlatformDependent - org.jctools-core.MpscChunkedArrayQueue: available
[DEBUG] 2022-01-07 13:39:05.086 [main] InternalThreadLocalMap - -Dio.netty.threadLocalMap.stringBuilder.initialSize: 1024
[DEBUG] 2022-01-07 13:39:05.086 [main] InternalThreadLocalMap - -Dio.netty.threadLocalMap.stringBuilder.maxSize: 4096
[DEBUG] 2022-01-07 13:39:05.232 [main] JdkSslContext - Default protocols (JDK): [TLSv1.3, TLSv1.2] 
[DEBUG] 2022-01-07 13:39:05.232 [main] JdkSslContext - Default cipher suites (JDK): [TLS_ECDHE_ECDSA_WITH_AES_256_GCM_SHA384, TLS_ECDHE_ECDSA_WITH_AES_128_GCM_SHA256, TLS_ECDHE_RSA_WITH_AES_128_GCM_SHA256, TLS_ECDHE_RSA_WITH_AES_256_GCM_SHA384, TLS_ECDHE_RSA_WITH_AES_128_CBC_SHA, TLS_ECDHE_RSA_WITH_AES_256_CBC_SHA, TLS_RSA_WITH_AES_128_GCM_SHA256, TLS_RSA_WITH_AES_128_CBC_SHA, TLS_RSA_WITH_AES_256_CBC_SHA, TLS_AES_128_GCM_SHA256, TLS_AES_256_GCM_SHA384]
[DEBUG] 2022-01-07 13:39:05.255 [main] MultithreadEventLoopGroup - -Dio.netty.eventLoopThreads: 16
[DEBUG] 2022-01-07 13:39:05.264 [main] NioEventLoop - -Dio.netty.noKeySetOptimization: false
[DEBUG] 2022-01-07 13:39:05.264 [main] NioEventLoop - -Dio.netty.selectorAutoRebuildThreshold: 512
[DEBUG] 2022-01-07 13:39:05.314 [main] PooledByteBufAllocator - -Dio.netty.allocator.numHeapArenas: 16
[DEBUG] 2022-01-07 13:39:05.314 [main] PooledByteBufAllocator - -Dio.netty.allocator.numDirectArenas: 16
[DEBUG] 2022-01-07 13:39:05.315 [main] PooledByteBufAllocator - -Dio.netty.allocator.pageSize: 8192
[DEBUG] 2022-01-07 13:39:05.315 [main] PooledByteBufAllocator - -Dio.netty.allocator.maxOrder: 11
[DEBUG] 2022-01-07 13:39:05.315 [main] PooledByteBufAllocator - -Dio.netty.allocator.chunkSize: 16777216
[DEBUG] 2022-01-07 13:39:05.315 [main] PooledByteBufAllocator - -Dio.netty.allocator.smallCacheSize: 256
[DEBUG] 2022-01-07 13:39:05.315 [main] PooledByteBufAllocator - -Dio.netty.allocator.normalCacheSize: 64
[DEBUG] 2022-01-07 13:39:05.315 [main] PooledByteBufAllocator - -Dio.netty.allocator.maxCachedBufferCapacity: 32768
[DEBUG] 2022-01-07 13:39:05.315 [main] PooledByteBufAllocator - -Dio.netty.allocator.cacheTrimInterval: 8192
[DEBUG] 2022-01-07 13:39:05.315 [main] PooledByteBufAllocator - -Dio.netty.allocator.cacheTrimIntervalMillis: 0
[DEBUG] 2022-01-07 13:39:05.315 [main] PooledByteBufAllocator - -Dio.netty.allocator.useCacheForAllThreads: true
[DEBUG] 2022-01-07 13:39:05.315 [main] PooledByteBufAllocator - -Dio.netty.allocator.maxCachedByteBuffersPerChunk: 1023
[DEBUG] 2022-01-07 13:39:05.325 [main] ByteBufUtil - -Dio.netty.allocator.type: pooled
[DEBUG] 2022-01-07 13:39:05.325 [main] ByteBufUtil - -Dio.netty.threadLocalDirectBufferSize: 0
[DEBUG] 2022-01-07 13:39:05.325 [main] ByteBufUtil - -Dio.netty.maxThreadLocalCharBufferSize: 16384
[DEBUG] 2022-01-07 13:39:05.660 [Forwarding newSession on session null to remote] DefaultChannelId - -Dio.netty.processId: 8276 (auto-detected)
[DEBUG] 2022-01-07 13:39:05.664 [Forwarding newSession on session null to remote] NetUtil - -Djava.net.preferIPv4Stack: false
[DEBUG] 2022-01-07 13:39:05.664 [Forwarding newSession on session null to remote] NetUtil - -Djava.net.preferIPv6Addresses: false
[DEBUG] 2022-01-07 13:39:05.670 [Forwarding newSession on session null to remote] NetUtilInitializations - Loopback interface: lo (Software Loopback Interface 1, 127.0.0.1)
[DEBUG] 2022-01-07 13:39:05.671 [Forwarding newSession on session null to remote] NetUtil - Failed to get SOMAXCONN from sysctl and file \proc\sys\net\core\somaxconn. Default: 200
[DEBUG] 2022-01-07 13:39:05.687 [Forwarding newSession on session null to remote] DefaultChannelId - -Dio.netty.machineId: a4:b1:c1:ff:fe:e8:74:b1 (auto-detected)
[DEBUG] 2022-01-07 13:39:05.735 [AsyncHttpClient-1-2] AbstractByteBuf - -Dio.netty.buffer.checkAccessible: true
[DEBUG] 2022-01-07 13:39:05.736 [AsyncHttpClient-1-2] AbstractByteBuf - -Dio.netty.buffer.checkBounds: true
[DEBUG] 2022-01-07 13:39:05.736 [AsyncHttpClient-1-2] ResourceLeakDetectorFactory - Loaded default ResourceLeakDetector: io.netty.util.ResourceLeakDetector@3300d684
[DEBUG] 2022-01-07 13:39:05.757 [AsyncHttpClient-1-2] Recycler - -Dio.netty.recycler.maxCapacityPerThread: 4096
[DEBUG] 2022-01-07 13:39:05.757 [AsyncHttpClient-1-2] Recycler - -Dio.netty.recycler.maxSharedCapacityFactor: 2
[DEBUG] 2022-01-07 13:39:05.758 [AsyncHttpClient-1-2] Recycler - -Dio.netty.recycler.linkCapacity: 16
[DEBUG] 2022-01-07 13:39:05.758 [AsyncHttpClient-1-2] Recycler - -Dio.netty.recycler.ratio: 8
[DEBUG] 2022-01-07 13:39:05.758 [AsyncHttpClient-1-2] Recycler - -Dio.netty.recycler.delayedQueue.ratio: 8
[DEBUG] 2022-01-07 13:39:06.763 [AsyncHttpClient-1-2] Brotli - brotli4j not in the classpath; Brotli support will be unavailable.
[DEBUG] 2022-01-07 13:39:06.935 [main] ThreadLocalRandom - -Dio.netty.initialSeedUniquifier: 0x5fa25e875b784e33
[INFO ] 2022-01-07 13:39:11.111 [main] BaseClass - username is entered
[INFO ] 2022-01-07 13:39:14.200 [main] BaseClass - password is entered
[INFO ] 2022-01-07 13:39:15.852 [main] BaseClass - Login button is clicked
]]></system-out>
    <system-err><![CDATA[SLF4J: Failed to load class "org.slf4j.impl.StaticLoggerBinder".
SLF4J: Defaulting to no-operation (NOP) logger implementation
SLF4J: See http://www.slf4j.org/codes.html#StaticLoggerBinder for further details.
Starting ChromeDriver 95.0.4638.17 (a9d0719444d4b035e284ed1fce73bf6ccd789df2-refs/branch-heads/4638@{#178}) on port 64401
Only local connections are allowed.
Please see https://chromedriver.chromium.org/security-considerations for suggestions on keeping ChromeDriver safe.
ChromeDriver was started successfully.
[1641591546.339][WARNING]: This version of ChromeDriver has not been tested with Chrome version 96.
Jan 07, 2022 1:39:06 PM org.openqa.selenium.remote.ProtocolHandshake createSession
INFO: Detected dialect: W3C
Jan 07, 2022 1:39:06 PM org.openqa.selenium.devtools.CdpVersionFinder findNearestMatch
INFO: Found exact CDP implementation for version 96
]]></system-err>
  </testcase>
</testsuite>